2025-10-07 18:51:39,889 - core.combined_invoice_view - INFO - POST data received: <QueryDict: {'csrfmiddlewaretoken': ['2HWE2vk0uRaE2MnjGGUu2wsEzOfFAzveiByZAaYHjQ3Zy78K7MkoRr2iwi7J8ruV'], 'invoice_no': ['1235467'], 'invoice_date': ['0710'], 'supplierid': ['2'], 'scroll_no': ['1234567'], 'transport_charges': ['0'], 'invoice_total': ['2458'], 'products_data': ['[{"productid":"15","batch_no":"1234","expiry":"2009","mrp":"1234","purchase_rate":"1234","quantity":"2","scheme":"0","discount":"10","igst":"0","calculation_mode":"flat","rate_A":"1","rate_B":"2","rate_C":"3"}]']}>
2025-10-07 18:51:39,921 - core.combined_invoice_view - ERROR - Invoice form validation errors: <ul class="errorlist"><li>invoice_date<ul class="errorlist" id="id_invoice_date_error"><li>Enter a valid date.</li></ul></li></ul>
2025-10-07 18:53:22,968 - core.combined_invoice_view - INFO - POST data received: <QueryDict: {'csrfmiddlewaretoken': ['2HWE2vk0uRaE2MnjGGUu2wsEzOfFAzveiByZAaYHjQ3Zy78K7MkoRr2iwi7J8ruV'], 'invoice_no': ['1235467'], 'invoice_date': ['0710'], 'supplierid': ['2'], 'scroll_no': ['1234567'], 'transport_charges': ['0'], 'invoice_total': ['2458'], 'products_data': ['[{"productid":"15","batch_no":"1234","expiry":"2009","mrp":"1234","purchase_rate":"1234","quantity":"2","scheme":"0","discount":"10","igst":"0","calculation_mode":"flat","rate_A":"1","rate_B":"2","rate_C":"3"}]']}>
2025-10-07 18:53:22,975 - core.combined_invoice_view - INFO - Products data received: [{"productid":"15","batch_no":"1234","expiry":"2009","mrp":"1234","purchase_rate":"1234","quantity":"2","scheme":"0","discount":"10","igst":"0","calculation_mode":"flat","rate_A":"1","rate_B":"2","rate_C":"3"}]
2025-10-07 18:53:22,982 - core.combined_invoice_view - INFO - Invoice created with ID: 18
2025-10-07 18:53:23,050 - core.combined_invoice_view - INFO - Product ABSORBENT COTTON 200 GMS 200 GMS added to invoice
2025-10-07 18:53:23,054 - core.combined_invoice_view - INFO - Invoice 1235467 created successfully with 1 products
2025-10-07 19:03:43,923 - core.combined_invoice_view - INFO - POST data received: <QueryDict: {'csrfmiddlewaretoken': ['6VzYPg2dUlP1MRb4eEToLbjxYL9XxaDkmPbjnVGUJkImicWvFKjiA6TbVf1152C1'], 'invoice_no': ['1235467'], 'invoice_date': ['0710'], 'supplierid': ['2'], 'scroll_no': ['1234566'], 'transport_charges': ['0'], 'invoice_total': ['4.00'], 'products_data': ['[{"productid":"14","batch_no":"1234","expiry":"12","mrp":"12","purchase_rate":"2","quantity":"2","scheme":"0","discount":"0","igst":"0","calculation_mode":"flat","rate_A":"0","rate_B":"0","rate_C":"0"}]']}>
2025-10-07 19:03:43,934 - core.combined_invoice_view - INFO - Products data received: [{"productid":"14","batch_no":"1234","expiry":"12","mrp":"12","purchase_rate":"2","quantity":"2","scheme":"0","discount":"0","igst":"0","calculation_mode":"flat","rate_A":"0","rate_B":"0","rate_C":"0"}]
2025-10-07 19:03:43,943 - core.combined_invoice_view - INFO - Invoice created with ID: 19
2025-10-07 19:05:14,880 - core.combined_invoice_view - INFO - POST data received: <QueryDict: {'csrfmiddlewaretoken': ['6VzYPg2dUlP1MRb4eEToLbjxYL9XxaDkmPbjnVGUJkImicWvFKjiA6TbVf1152C1'], 'invoice_no': ['1235467'], 'invoice_date': ['0710'], 'supplierid': ['2'], 'scroll_no': ['1234566'], 'transport_charges': ['0'], 'invoice_total': ['4.00'], 'products_data': ['[{"productid":"14","batch_no":"1234","expiry":"12","mrp":"12","purchase_rate":"2","quantity":"2","scheme":"0","discount":"0","igst":"0","calculation_mode":"flat","rate_A":"0","rate_B":"0","rate_C":"0"}]']}>
2025-10-07 19:05:14,888 - core.combined_invoice_view - INFO - Products data received: [{"productid":"14","batch_no":"1234","expiry":"12","mrp":"12","purchase_rate":"2","quantity":"2","scheme":"0","discount":"0","igst":"0","calculation_mode":"flat","rate_A":"0","rate_B":"0","rate_C":"0"}]
2025-10-07 19:05:14,894 - core.combined_invoice_view - INFO - Invoice created with ID: 20
2025-10-07 19:05:14,948 - core.combined_invoice_view - INFO - Product ABSORBANT COTTON 20GM added to invoice
2025-10-07 19:05:14,953 - core.combined_invoice_view - INFO - Invoice 1235467 created successfully with 1 products
2025-10-07 19:07:32,101 - core.combined_invoice_view - INFO - POST data received: <QueryDict: {'csrfmiddlewaretoken': ['H3kzTuD5GG1oJiMZBvqEpTFj42HlDMjKXXWUr9hMvFUJfDxq2BQyeOfX1wzpbEir'], 'invoice_no': ['1235467'], 'invoice_date': ['0710'], 'supplierid': ['2'], 'scroll_no': ['1234566'], 'transport_charges': ['0'], 'invoice_total': ['24.00'], 'products_data': ['[{"productid":"10","batch_no":"1324","expiry":"1203","mrp":"12","purchase_rate":"12","quantity":"2","scheme":"0","discount":"0","igst":"0","calculation_mode":"flat","rate_A":"0","rate_B":"0","rate_C":"0"}]']}>
2025-10-07 19:07:32,116 - core.combined_invoice_view - ERROR - Invoice form validation errors: <ul class="errorlist"><li>__all__<ul class="errorlist nonfield"><li>Invoice master with this Invoice no and Supplierid already exists.</li></ul></li></ul>
2025-10-07 19:09:16,648 - core.combined_invoice_view - INFO - POST data received: <QueryDict: {'csrfmiddlewaretoken': ['xqEajzKBeVqXpHW7unBccGbX21RbRAtqNkgvReoi3UjiV2HyVt161BLBZvJfpss7'], 'invoice_no': ['12354678123'], 'invoice_date': ['0710'], 'supplierid': ['2'], 'scroll_no': ['1234566'], 'transport_charges': ['0'], 'invoice_total': ['145.20'], 'products_data': ['[{"productid":"16","batch_no":"1313","expiry":"1303","mrp":"12","purchase_rate":"12","quantity":"12","scheme":"0","discount":"12","igst":"10","calculation_mode":"flat","rate_A":"1","rate_B":"1","rate_C":"1"}]']}>
2025-10-07 19:09:16,657 - core.combined_invoice_view - INFO - Products data received: [{"productid":"16","batch_no":"1313","expiry":"1303","mrp":"12","purchase_rate":"12","quantity":"12","scheme":"0","discount":"12","igst":"10","calculation_mode":"flat","rate_A":"1","rate_B":"1","rate_C":"1"}]
2025-10-07 19:09:16,664 - core.combined_invoice_view - INFO - Invoice created with ID: 21
2025-10-07 19:09:16,672 - core.combined_invoice_view - INFO - Product ABSORBENT COTTON 400GM added to invoice
2025-10-07 19:09:16,678 - core.combined_invoice_view - INFO - Updating invoice total from 145.2 to 132.0
2025-10-07 19:09:16,683 - core.combined_invoice_view - INFO - Invoice 12354678123 created successfully with 1 products
2025-10-08 13:02:26,201 - core.combined_invoice_view - INFO - POST data received: <QueryDict: {'csrfmiddlewaretoken': ['ZY1mVsZSoCPg7Tsbsddimku05hnuAucffSDHt7DzdBIBDedCTjDcbf4E2Lfy8mbW'], 'invoice_no': ['8939q843968q3946q24'], 'invoice_date': ['0810'], 'supplierid': ['2'], 'scroll_no': ['1124252'], 'transport_charges': ['0'], 'invoice_total': ['233.20'], 'products_data': ['[{"productid":"3370","batch_no":"25424","expiry":"0202","mrp":"120","purchase_rate":"111","quantity":"2","scheme":"0","discount":"10","igst":"10","calculation_mode":"flat","rate_A":"100","rate_B":"122","rate_C":"123"}]']}>
2025-10-08 13:02:26,210 - core.combined_invoice_view - INFO - Products data received: [{"productid":"3370","batch_no":"25424","expiry":"0202","mrp":"120","purchase_rate":"111","quantity":"2","scheme":"0","discount":"10","igst":"10","calculation_mode":"flat","rate_A":"100","rate_B":"122","rate_C":"123"}]
2025-10-08 13:02:26,217 - core.combined_invoice_view - INFO - Invoice created with ID: 22
2025-10-08 13:02:26,266 - core.combined_invoice_view - INFO - Product paracetamol added to invoice
2025-10-08 13:02:26,270 - core.combined_invoice_view - INFO - Updating invoice total from 233.2 to 212.0
2025-10-08 13:02:26,272 - core.combined_invoice_view - INFO - Invoice 8939q843968q3946q24 created successfully with 1 products
2025-10-08 21:42:37,832 - core.combined_invoice_view - INFO - POST data received: <QueryDict: {'csrfmiddlewaretoken': ['ez6qIAy3IPyNbpghzWKQ1swFoEOulXdVutILgfcKxOr8HK1I02aKQn6jl8GyTPcC'], 'invoice_no': ['143648574'], 'invoice_date': ['0810'], 'supplierid': ['2'], 'scroll_no': ['244477'], 'transport_charges': ['0'], 'invoice_total': ['264.00'], 'products_data': ['[{"productid":"3370","batch_no":"122367","expiry":"0302","mrp":"100","purchase_rate":"120","quantity":"2","scheme":"0","discount":"0","igst":"10","calculation_mode":"flat","rate_A":"100","rate_B":"122","rate_C":"124"}]']}>
2025-10-08 21:42:37,841 - core.combined_invoice_view - INFO - Products data received: [{"productid":"3370","batch_no":"122367","expiry":"0302","mrp":"100","purchase_rate":"120","quantity":"2","scheme":"0","discount":"0","igst":"10","calculation_mode":"flat","rate_A":"100","rate_B":"122","rate_C":"124"}]
2025-10-08 21:42:37,851 - core.combined_invoice_view - INFO - Invoice created with ID: 23
2025-10-08 21:42:37,862 - core.combined_invoice_view - INFO - Product paracetamol added to invoice
2025-10-08 21:42:37,868 - core.combined_invoice_view - INFO - Updating invoice total from 264.0 to 240.0
2025-10-08 21:42:37,878 - core.combined_invoice_view - INFO - Invoice 143648574 created successfully with 1 products
2025-10-10 11:08:49,036 - core.combined_invoice_view - INFO - POST data received: <QueryDict: {'csrfmiddlewaretoken': ['h1t4EVjpma0xLWoJ2Hv6I6UOPcoXXIq3Ukl37b3PqbkyxAc2JpGrUnSvmMUxmxGJ'], 'invoice_no': ['1029384756'], 'invoice_date': ['1010'], 'supplierid': ['2'], 'scroll_no': ['1029384756'], 'transport_charges': ['0'], 'invoice_total': ['11.00'], 'products_data': ['[{"productid":"3370","batch_no":"000000","expiry":"1002","mrp":"2","purchase_rate":"1","quantity":"10","scheme":"0","discount":"0","igst":"10","calculation_mode":"flat","rate_A":"0.1","rate_B":"0.2","rate_C":"0.3"}]']}>
2025-10-10 11:08:49,051 - core.combined_invoice_view - INFO - Products data received: [{"productid":"3370","batch_no":"000000","expiry":"1002","mrp":"2","purchase_rate":"1","quantity":"10","scheme":"0","discount":"0","igst":"10","calculation_mode":"flat","rate_A":"0.1","rate_B":"0.2","rate_C":"0.3"}]
2025-10-10 11:08:49,070 - core.combined_invoice_view - INFO - Invoice created with ID: 24
2025-10-10 11:08:49,152 - core.combined_invoice_view - INFO - Product paracetamol added to invoice
2025-10-10 11:08:49,161 - core.combined_invoice_view - INFO - Updating invoice total from 11.0 to 10.0
2025-10-10 11:08:49,163 - core.combined_invoice_view - INFO - Invoice 1029384756 created successfully with 1 products
2025-10-10 14:46:07,200 - core.combined_invoice_view - INFO - POST data received: <QueryDict: {'csrfmiddlewaretoken': ['cR7T8hTo8FbjIP18OJsSBm0D9DmK7QhPB9BLxHDEwGgHLKlPlMCKcOuM65CkttGl'], 'invoice_no': ['00009299'], 'invoice_date': ['1010'], 'supplierid': ['2'], 'scroll_no': ['12345678999'], 'transport_charges': ['0'], 'invoice_total': ['121.20'], 'products_data': ['[{"productid":"3370","batch_no":"12222","expiry":"0111","mrp":"100","purchase_rate":"120","quantity":"1","scheme":"0","discount":"0","igst":"1","calculation_mode":"flat","rate_A":"0","rate_B":"0","rate_C":"0"}]']}>
2025-10-10 14:46:07,210 - core.combined_invoice_view - INFO - Products data received: [{"productid":"3370","batch_no":"12222","expiry":"0111","mrp":"100","purchase_rate":"120","quantity":"1","scheme":"0","discount":"0","igst":"1","calculation_mode":"flat","rate_A":"0","rate_B":"0","rate_C":"0"}]
2025-10-10 14:46:07,221 - core.combined_invoice_view - INFO - Invoice created with ID: 26
2025-10-10 14:46:07,259 - core.combined_invoice_view - INFO - Product paracetamol added to invoice
2025-10-10 14:46:07,263 - core.combined_invoice_view - INFO - Updating invoice total from 121.2 to 120.0
2025-10-10 14:46:07,266 - core.combined_invoice_view - INFO - Invoice 00009299 created successfully with 1 products
2025-10-10 15:02:35,260 - core.combined_invoice_view - INFO - POST data received: <QueryDict: {'csrfmiddlewaretoken': ['s6xLv5j3EW8TLUUqxW2NjFSDDM0UFvSwpUTXwK1mpPgdIlmpT3cymPq4VJw2uB4w'], 'invoice_no': ['1232232323'], 'invoice_date': ['1010'], 'supplierid': ['2'], 'scroll_no': ['1234'], 'transport_charges': ['0'], 'invoice_total': ['1218.56'], 'products_data': ['[{"productid":"3370","batch_no":"2345","expiry":"1111","mrp":"100","purchase_rate":"110","quantity":"10","scheme":"0","discount":"12","igst":"12","calculation_mode":"flat","rate_A":"100","rate_B":"110","rate_C":"120"}]']}>
2025-10-10 15:02:35,267 - core.combined_invoice_view - INFO - Products data received: [{"productid":"3370","batch_no":"2345","expiry":"1111","mrp":"100","purchase_rate":"110","quantity":"10","scheme":"0","discount":"12","igst":"12","calculation_mode":"flat","rate_A":"100","rate_B":"110","rate_C":"120"}]
2025-10-10 15:02:35,279 - core.combined_invoice_view - INFO - Invoice created with ID: 27
2025-10-10 15:02:35,288 - core.combined_invoice_view - INFO - Product paracetamol added to invoice
2025-10-10 15:02:35,293 - core.combined_invoice_view - INFO - Updating invoice total from 1218.56 to 1088.0
2025-10-10 15:02:35,296 - core.combined_invoice_view - INFO - Invoice 1232232323 created successfully with 1 products
2025-10-10 15:11:58,162 - core.combined_invoice_view - INFO - POST data received: <QueryDict: {'csrfmiddlewaretoken': ['7WjVLzCp7AHjaKi05ARW2MFkmuedaKaeweNNaZmFvBMHdFCHCD1ODe9tjWuNwnzK'], 'invoice_no': ['15455e4w7664e84868'], 'invoice_date': ['1010'], 'supplierid': ['2'], 'scroll_no': ['24376896979'], 'transport_charges': ['0'], 'invoice_total': ['110.00'], 'products_data': ['[{"productid":"3370","batch_no":"121212","expiry":"1111","mrp":"11","purchase_rate":"10","quantity":"10","scheme":"0","discount":"0","igst":"10","calculation_mode":"flat","rate_A":"11","rate_B":"11.5","rate_C":"12"}]']}>
2025-10-10 15:11:58,172 - core.combined_invoice_view - INFO - Products data received: [{"productid":"3370","batch_no":"121212","expiry":"1111","mrp":"11","purchase_rate":"10","quantity":"10","scheme":"0","discount":"0","igst":"10","calculation_mode":"flat","rate_A":"11","rate_B":"11.5","rate_C":"12"}]
2025-10-10 15:11:58,179 - core.combined_invoice_view - INFO - Invoice created with ID: 28
2025-10-10 15:11:58,239 - core.combined_invoice_view - INFO - Product paracetamol added to invoice
2025-10-10 15:11:58,242 - core.combined_invoice_view - INFO - Updating invoice total from 110.0 to 100.0
2025-10-10 15:11:58,246 - core.combined_invoice_view - INFO - Invoice 15455e4w7664e84868 created successfully with 1 products
2025-10-10 18:38:16,777 - core.combined_invoice_view - INFO - POST data received: <QueryDict: {'csrfmiddlewaretoken': ['5fUJTgUwJs4DyvPj6YE1dDCMzkTUtRxFdcYhtIty6p1b03l9rXp37E9PkEtpEf9U'], 'invoice_no': ['1010101010101'], 'invoice_date': ['1010'], 'supplierid': ['2'], 'scroll_no': ['12121'], 'transport_charges': ['0'], 'invoice_total': ['268.80'], 'products_data': ['[{"productid":"3370","batch_no":"1234","expiry":"0303","mrp":"100","purchase_rate":"120","quantity":"2","scheme":"0","discount":"0","igst":"12","calculation_mode":"flat","rate_A":"120","rate_B":"123","rate_C":"124"}]']}>
2025-10-10 18:38:16,788 - core.combined_invoice_view - INFO - Products data received: [{"productid":"3370","batch_no":"1234","expiry":"0303","mrp":"100","purchase_rate":"120","quantity":"2","scheme":"0","discount":"0","igst":"12","calculation_mode":"flat","rate_A":"120","rate_B":"123","rate_C":"124"}]
2025-10-10 18:38:16,792 - core.combined_invoice_view - INFO - Invoice created with ID: 29
2025-10-10 18:38:16,798 - core.combined_invoice_view - INFO - Product paracetamol added to invoice
2025-10-10 18:38:16,807 - core.combined_invoice_view - INFO - Updating invoice total from 268.8 to 240.0
2025-10-10 18:38:16,809 - core.combined_invoice_view - INFO - Invoice 1010101010101 created successfully with 1 products
2025-10-10 18:47:04,457 - core.combined_invoice_view - INFO - POST data received: <QueryDict: {'csrfmiddlewaretoken': ['e9uCUmXm65cndBuhZ1SPSoUPO0Bisg8gm6yauOwot29VF907k0DRMprSzkbNDEKv'], 'invoice_no': ['111111'], 'invoice_date': ['1010'], 'supplierid': ['3'], 'scroll_no': ['1111'], 'transport_charges': ['0'], 'invoice_total': ['1.00'], 'products_data': ['[{"productid":"3370","batch_no":"23455","expiry":"0202","mrp":"1","purchase_rate":"1","quantity":"1","scheme":"0","discount":"0","igst":"0","calculation_mode":"flat","rate_A":"1","rate_B":"2","rate_C":"3"}]']}>
2025-10-10 18:47:04,463 - core.combined_invoice_view - INFO - Products data received: [{"productid":"3370","batch_no":"23455","expiry":"0202","mrp":"1","purchase_rate":"1","quantity":"1","scheme":"0","discount":"0","igst":"0","calculation_mode":"flat","rate_A":"1","rate_B":"2","rate_C":"3"}]
2025-10-10 18:47:04,468 - core.combined_invoice_view - INFO - Invoice created with ID: 30
2025-10-10 18:47:04,475 - core.combined_invoice_view - INFO - Product paracetamol added to invoice
2025-10-10 18:47:04,480 - core.combined_invoice_view - INFO - Invoice 111111 created successfully with 1 products
2025-10-10 20:51:03,376 - core.combined_invoice_view - INFO - POST data received: <QueryDict: {'csrfmiddlewaretoken': ['RfwFHfCAGP4sQi796Xm6fzrBbtaMKqiMZcAdhHbC3M10iQDZrW789AYEWNKhVOU1'], 'invoice_no': ['1212122222222222'], 'invoice_date': ['1010'], 'supplierid': ['2'], 'scroll_no': ['111'], 'transport_charges': ['0'], 'invoice_total': ['1.00'], 'products_data': ['[{"productid":"3370","batch_no":"11","expiry":"0202","mrp":"1","purchase_rate":"1","quantity":"1","scheme":"0","discount":"0","igst":"0","calculation_mode":"flat","rate_A":"1","rate_B":"2","rate_C":"3"}]']}>
2025-10-10 20:51:03,387 - core.combined_invoice_view - INFO - Products data received: [{"productid":"3370","batch_no":"11","expiry":"0202","mrp":"1","purchase_rate":"1","quantity":"1","scheme":"0","discount":"0","igst":"0","calculation_mode":"flat","rate_A":"1","rate_B":"2","rate_C":"3"}]
2025-10-10 20:51:03,393 - core.combined_invoice_view - INFO - Invoice created with ID: 31
2025-10-10 20:51:03,457 - core.combined_invoice_view - INFO - Product paracetamol added to invoice
2025-10-10 20:51:03,461 - core.combined_invoice_view - INFO - Invoice 1212122222222222 created successfully with 1 products
2025-10-11 09:40:33,121 - core.combined_invoice_view - INFO - POST data received: <QueryDict: {'csrfmiddlewaretoken': ['a2M1NahSJpouMIFCS3cIZINEGGqBa51GzkgTcA187qtSPDZjp6mAAahND8GbwIqc'], 'invoice_no': ['111'], 'invoice_date': ['1110'], 'supplierid': ['2'], 'scroll_no': ['11'], 'transport_charges': ['0'], 'invoice_total': ['990.00'], 'products_data': ['[{"productid":"3371","batch_no":"111","expiry":"1112","mrp":"100","purchase_rate":"90","quantity":"10","scheme":"0","discount":"0","igst":"10","calculation_mode":"flat","rate_A":"80","rate_B":"85","rate_C":"90"}]']}>
2025-10-11 09:40:33,129 - core.combined_invoice_view - INFO - Products data received: [{"productid":"3371","batch_no":"111","expiry":"1112","mrp":"100","purchase_rate":"90","quantity":"10","scheme":"0","discount":"0","igst":"10","calculation_mode":"flat","rate_A":"80","rate_B":"85","rate_C":"90"}]
2025-10-11 09:40:33,137 - core.combined_invoice_view - INFO - Invoice created with ID: 33
2025-10-11 09:40:33,205 - core.combined_invoice_view - INFO - Product paracetamol added to invoice
2025-10-11 09:40:33,211 - core.combined_invoice_view - INFO - Updating invoice total from 990.0 to 900.0
2025-10-11 09:40:33,213 - core.combined_invoice_view - INFO - Invoice 111 created successfully with 1 products
2025-10-11 13:30:21,825 - core.combined_invoice_view - INFO - POST data received: <QueryDict: {'csrfmiddlewaretoken': ['avTvyyT33uvrG1SWrLWy2kgBTSjMSagfisX380s5qrsZ8zoMMKHAWlNEEcTh3ySu'], 'invoice_no': ['INV000000009850'], 'invoice_date': ['1110'], 'supplierid': ['2'], 'scroll_no': ['20013'], 'transport_charges': ['0'], 'invoice_total': ['210.00'], 'products_data': ['[{"productid":"3371","batch_no":"12346","expiry":"1112","mrp":"10","purchase_rate":"2","quantity":"100","scheme":"0","discount":"0","igst":"5","calculation_mode":"flat","rate_A":"6","rate_B":"8","rate_C":"10"}]']}>
2025-10-11 13:30:21,849 - core.combined_invoice_view - INFO - Products data received: [{"productid":"3371","batch_no":"12346","expiry":"1112","mrp":"10","purchase_rate":"2","quantity":"100","scheme":"0","discount":"0","igst":"5","calculation_mode":"flat","rate_A":"6","rate_B":"8","rate_C":"10"}]
2025-10-11 13:30:21,880 - core.combined_invoice_view - INFO - Invoice created with ID: 34
2025-10-11 13:30:21,897 - core.combined_invoice_view - INFO - Product paracetamol added to invoice
2025-10-11 13:30:21,911 - core.combined_invoice_view - INFO - Updating invoice total from 210.0 to 200.0
2025-10-11 13:30:21,917 - core.combined_invoice_view - INFO - Invoice INV000000009850 created successfully with 1 products
2025-10-11 14:44:34,970 - core.combined_invoice_view - INFO - POST data received: <QueryDict: {'csrfmiddlewaretoken': ['22RA5rq3Buh6r9Cd8Wb5Ng8hJWMmcXwRaZV8FTZ5YreETH83tVW7HhFkugmRnl86'], 'invoice_no': ['INV000000125'], 'invoice_date': ['1110'], 'supplierid': ['2'], 'scroll_no': ['220121'], 'transport_charges': ['0'], 'invoice_total': ['105.00'], 'products_data': ['[{"productid":"3371","batch_no":"12346","expiry":"2025-12-11","mrp":"10","purchase_rate":"2","quantity":"50","scheme":"0","discount":"0","igst":"5","calculation_mode":"flat","rate_A":"6","rate_B":"8","rate_C":"10"}]']}>
2025-10-11 14:44:34,980 - core.combined_invoice_view - INFO - Products data received: [{"productid":"3371","batch_no":"12346","expiry":"2025-12-11","mrp":"10","purchase_rate":"2","quantity":"50","scheme":"0","discount":"0","igst":"5","calculation_mode":"flat","rate_A":"6","rate_B":"8","rate_C":"10"}]
2025-10-11 14:44:34,988 - core.combined_invoice_view - INFO - Invoice created with ID: 35
2025-10-11 14:52:38,710 - core.combined_invoice_view - INFO - POST data received: <QueryDict: {'csrfmiddlewaretoken': ['eqS583ji3et9qvzn7Fun2GVK8f6lz196mnWDIvSkqbqHS35dsEfpWHsNTzGQKpLl'], 'invoice_no': ['12020213213211'], 'invoice_date': ['1110'], 'supplierid': ['2'], 'scroll_no': ['0000212'], 'transport_charges': ['0'], 'invoice_total': ['210.00'], 'products_data': ['[{"productid":"3372","batch_no":"124578","expiry":"1212","mrp":"10","purchase_rate":"2","quantity":"100","scheme":"0","discount":"0","igst":"5","calculation_mode":"flat","rate_A":"6","rate_B":"8","rate_C":"10"}]']}>
2025-10-11 14:52:38,722 - core.combined_invoice_view - INFO - Products data received: [{"productid":"3372","batch_no":"124578","expiry":"1212","mrp":"10","purchase_rate":"2","quantity":"100","scheme":"0","discount":"0","igst":"5","calculation_mode":"flat","rate_A":"6","rate_B":"8","rate_C":"10"}]
2025-10-11 14:52:38,726 - core.combined_invoice_view - INFO - Invoice created with ID: 37
2025-10-11 14:52:38,778 - core.combined_invoice_view - INFO - Product Vicks500 added to invoice
2025-10-11 14:52:38,783 - core.combined_invoice_view - INFO - Updating invoice total from 210.0 to 200.0
2025-10-11 14:52:38,787 - core.combined_invoice_view - INFO - Invoice 12020213213211 created successfully with 1 products
2025-10-11 16:18:42,447 - core.combined_invoice_view - INFO - POST data received: <QueryDict: {'csrfmiddlewaretoken': ['pjFBGgQEpHFZM9UYZ39w5YeihiPyqk3sxgJ9gIpGMECxeHqOk2UyZZLl2Cp3BIFH'], 'invoice_no': ['231313'], 'invoice_date': ['1110'], 'supplierid': ['2'], 'scroll_no': [''], 'transport_charges': ['0'], 'invoice_total': ['10.00'], 'products_data': ['[{"productid":"3373","batch_no":"12","expiry":"1212","mrp":"10","purchase_rate":"5","quantity":"2","scheme":"0","discount":"0","igst":"0","calculation_mode":"flat","rate_A":"1","rate_B":"2","rate_C":"3"}]']}>
2025-10-11 16:18:42,454 - core.combined_invoice_view - INFO - Products data received: [{"productid":"3373","batch_no":"12","expiry":"1212","mrp":"10","purchase_rate":"5","quantity":"2","scheme":"0","discount":"0","igst":"0","calculation_mode":"flat","rate_A":"1","rate_B":"2","rate_C":"3"}]
2025-10-11 16:18:42,459 - core.combined_invoice_view - INFO - Invoice created with ID: 39
2025-10-11 16:18:42,493 - core.combined_invoice_view - INFO - Product Vicks500 added to invoice
2025-10-11 16:18:42,499 - core.combined_invoice_view - INFO - Invoice 231313 created successfully with 1 products
2025-10-11 16:37:11,282 - core.combined_invoice_view - INFO - POST data received: <QueryDict: {'csrfmiddlewaretoken': ['dnFVr9UrKHO7YKuHlAQS0pbcJrxTxxMrB2EO2OVCMxaE6xWyL2UuYSQYBpbZr68I'], 'invoice_no': ['0123456789'], 'invoice_date': ['1110'], 'supplierid': ['3'], 'scroll_no': ['1234345'], 'transport_charges': ['0'], 'invoice_total': ['22.00'], 'products_data': ['[{"productid":"3374","batch_no":"2323","expiry":"1212","mrp":"10","purchase_rate":"10","quantity":"2","scheme":"0","discount":"0","igst":"10","calculation_mode":"flat","rate_A":"1","rate_B":"2","rate_C":"3"}]']}>
2025-10-11 16:37:11,289 - core.combined_invoice_view - INFO - Products data received: [{"productid":"3374","batch_no":"2323","expiry":"1212","mrp":"10","purchase_rate":"10","quantity":"2","scheme":"0","discount":"0","igst":"10","calculation_mode":"flat","rate_A":"1","rate_B":"2","rate_C":"3"}]
2025-10-11 16:37:11,294 - core.combined_invoice_view - INFO - Invoice created with ID: 41
2025-10-11 16:37:11,340 - core.combined_invoice_view - INFO - Product vicks500 added to invoice
2025-10-11 16:37:11,345 - core.combined_invoice_view - INFO - Updating invoice total from 22.0 to 20.0
2025-10-11 16:37:11,350 - core.combined_invoice_view - INFO - Invoice 0123456789 created successfully with 1 products
2025-10-11 16:51:43,405 - core.combined_invoice_view - INFO - POST data received: <QueryDict: {'csrfmiddlewaretoken': ['kD6HXeTRqfAdVusN4L6dMrpBBMxEZhXNsAafxGsTNcxLn2YDpKRfGsWEm679aFz2'], 'invoice_no': ['1'], 'invoice_date': ['1110'], 'supplierid': ['3'], 'scroll_no': ['1'], 'transport_charges': ['0'], 'invoice_total': ['2.02'], 'products_data': ['[{"productid":"3375","batch_no":"1","expiry":"1212","mrp":"1","purchase_rate":"1","quantity":"2","scheme":"0","discount":"0","igst":"1","calculation_mode":"flat","rate_A":"1","rate_B":"2","rate_C":"3"}]']}>
2025-10-11 16:51:43,416 - core.combined_invoice_view - INFO - Products data received: [{"productid":"3375","batch_no":"1","expiry":"1212","mrp":"1","purchase_rate":"1","quantity":"2","scheme":"0","discount":"0","igst":"1","calculation_mode":"flat","rate_A":"1","rate_B":"2","rate_C":"3"}]
2025-10-11 16:51:43,422 - core.combined_invoice_view - INFO - Invoice created with ID: 44
2025-10-11 16:51:43,452 - core.combined_invoice_view - INFO - Product Vicks500 added to invoice
2025-10-11 16:51:43,456 - core.combined_invoice_view - INFO - Updating invoice total from 2.02 to 2.0
2025-10-11 16:51:43,457 - core.combined_invoice_view - INFO - Invoice 1 created successfully with 1 products
2025-10-11 22:34:54,006 - core.combined_invoice_view - INFO - POST data received: <QueryDict: {'csrfmiddlewaretoken': ['Kr0C3hSAo61aYHBTBDXi8wmjTetJGrytSo4aDJrCL3YIqf7JWCIk2xTmEy3eRPaI'], 'invoice_no': ['111'], 'invoice_date': ['11102025'], 'supplierid': ['2'], 'scroll_no': ['1029384756'], 'transport_charges': ['0'], 'invoice_total': ['2.20'], 'products_data': ['[{"productid":"5","batch_no":"1","expiry":"2026-11-11","mrp":"1","purchase_rate":"1","quantity":"2","scheme":"0","discount":"0","igst":"10","calculation_mode":"flat","rate_A":"1","rate_B":"2","rate_C":"3"}]']}>
2025-10-11 22:34:54,017 - core.combined_invoice_view - INFO - Products data received: [{"productid":"5","batch_no":"1","expiry":"2026-11-11","mrp":"1","purchase_rate":"1","quantity":"2","scheme":"0","discount":"0","igst":"10","calculation_mode":"flat","rate_A":"1","rate_B":"2","rate_C":"3"}]
2025-10-11 22:34:54,028 - core.combined_invoice_view - INFO - Invoice created with ID: 46
2025-10-11 22:37:32,589 - core.combined_invoice_view - INFO - POST data received: <QueryDict: {'csrfmiddlewaretoken': ['Kr0C3hSAo61aYHBTBDXi8wmjTetJGrytSo4aDJrCL3YIqf7JWCIk2xTmEy3eRPaI'], 'invoice_no': ['111'], 'invoice_date': ['11102025'], 'supplierid': ['2'], 'scroll_no': ['1029384756'], 'transport_charges': ['0'], 'invoice_total': ['2.20'], 'products_data': ['[{"productid":"5","batch_no":"1","expiry":"2026-11-11","mrp":"1","purchase_rate":"1","quantity":"2","scheme":"0","discount":"0","igst":"10","calculation_mode":"flat","rate_A":"1","rate_B":"2","rate_C":"3"}]']}>
2025-10-11 22:37:32,600 - core.combined_invoice_view - INFO - Products data received: [{"productid":"5","batch_no":"1","expiry":"2026-11-11","mrp":"1","purchase_rate":"1","quantity":"2","scheme":"0","discount":"0","igst":"10","calculation_mode":"flat","rate_A":"1","rate_B":"2","rate_C":"3"}]
2025-10-11 22:37:32,610 - core.combined_invoice_view - INFO - Invoice created with ID: 47
2025-10-11 22:37:32,686 - core.combined_invoice_view - INFO - Product A-Z MILON TAB 15TAB added to invoice
2025-10-11 22:37:32,694 - core.combined_invoice_view - INFO - Updating invoice total from 2.2 to 2.0
2025-10-11 22:37:32,698 - core.combined_invoice_view - INFO - Invoice 111 created successfully with 1 products
2025-10-11 23:14:54,324 - core.combined_invoice_view - INFO - POST data received: <QueryDict: {'csrfmiddlewaretoken': ['trZhoh6BXOACPBivCT5wcUYjqkzwbsSMBo3PYJFDkLxah9OlXSQy6VvmbE91mQu1'], 'invoice_no': ['111111'], 'invoice_date': ['11102025'], 'supplierid': ['3'], 'scroll_no': ['1221'], 'transport_charges': ['0'], 'invoice_total': ['1.00'], 'products_data': ['[{"productid":"1","batch_no":"0","expiry":"2026-01-01","mrp":"1","purchase_rate":"1","quantity":"1","scheme":"0","discount":"0","igst":"0","calculation_mode":"flat","rate_A":"1","rate_B":"2","rate_C":"3"}]']}>
2025-10-11 23:14:54,334 - core.combined_invoice_view - INFO - Products data received: [{"productid":"1","batch_no":"0","expiry":"2026-01-01","mrp":"1","purchase_rate":"1","quantity":"1","scheme":"0","discount":"0","igst":"0","calculation_mode":"flat","rate_A":"1","rate_B":"2","rate_C":"3"}]
2025-10-11 23:14:54,339 - core.combined_invoice_view - INFO - Invoice created with ID: 48
2025-10-11 23:14:54,356 - core.combined_invoice_view - INFO - Product 5*10 added to invoice
2025-10-11 23:14:54,361 - core.combined_invoice_view - INFO - Invoice 111111 created successfully with 1 products
2025-10-12 09:58:42,034 - core.combined_invoice_view - INFO - POST data received: <QueryDict: {'csrfmiddlewaretoken': ['LaXZBhs49hCcDpkg6iPPGD7DlYNFOLvIChCM32XY4tkO5I9mupBzecf5dEXDd6ua'], 'invoice_no': ['1010101010101010'], 'invoice_date': ['11102025'], 'supplierid': ['2'], 'scroll_no': ['10293847560'], 'transport_charges': ['0'], 'invoice_total': ['7700.00'], 'products_data': ['[{"productid":"3377","batch_no":"10","expiry":"2026-11-11","mrp":"100","purchase_rate":"70","quantity":"100","scheme":"0","discount":"0","igst":"10","calculation_mode":"flat","rate_A":"90","rate_B":"95","rate_C":"100"}]']}>
2025-10-12 09:58:42,049 - core.combined_invoice_view - INFO - Products data received: [{"productid":"3377","batch_no":"10","expiry":"2026-11-11","mrp":"100","purchase_rate":"70","quantity":"100","scheme":"0","discount":"0","igst":"10","calculation_mode":"flat","rate_A":"90","rate_B":"95","rate_C":"100"}]
2025-10-12 09:58:42,057 - core.combined_invoice_view - INFO - Invoice created with ID: 49
2025-10-12 09:58:42,101 - core.combined_invoice_view - INFO - Product paracetamol added to invoice
2025-10-12 09:58:42,109 - core.combined_invoice_view - INFO - Updating invoice total from 7700.0 to 7000.0
2025-10-12 09:58:42,112 - core.combined_invoice_view - INFO - Invoice 1010101010101010 created successfully with 1 products
2025-10-12 11:55:07,100 - core.combined_invoice_view - INFO - POST data received: <QueryDict: {'csrfmiddlewaretoken': ['wNvlMZeELLSXIsfAWCpWYV3LmjT6o3n9MFoANeSvKCyOqz3WEzXOaizXusWfX39I'], 'invoice_no': ['0000000000000000000000'], 'invoice_date': ['12102025'], 'supplierid': ['2'], 'scroll_no': ['6'], 'transport_charges': ['0'], 'invoice_total': ['1.00'], 'products_data': ['[{"productid":"3377","batch_no":"2","expiry":"2025-11-11","mrp":"1","purchase_rate":"1","quantity":"1","scheme":"0","discount":"0","igst":"0","calculation_mode":"flat","rate_A":"1","rate_B":"2","rate_C":"3"}]']}>
2025-10-12 11:55:07,121 - core.combined_invoice_view - ERROR - Invoice form validation errors: <ul class="errorlist"><li>invoice_no<ul class="errorlist" id="id_invoice_no_error"><li>Ensure this value has at most 20 characters (it has 22).</li></ul></li></ul>
2025-10-12 11:55:47,145 - core.combined_invoice_view - INFO - POST data received: <QueryDict: {'csrfmiddlewaretoken': ['HnkCp936hVL0QfS3g7V5TXKlw00TKIXyXfdRqoHXgMrRymGpY4tX5kgxE932jIJ7'], 'invoice_no': ['000000000000000'], 'invoice_date': ['12102025'], 'supplierid': ['2'], 'scroll_no': ['6'], 'transport_charges': ['0'], 'invoice_total': ['1.00'], 'products_data': ['[{"productid":"3377","batch_no":"1","expiry":"2005-11-11","mrp":"1","purchase_rate":"1","quantity":"1","scheme":"0","discount":"0","igst":"0","calculation_mode":"flat","rate_A":"1","rate_B":"2","rate_C":"3"}]']}>
2025-10-12 11:55:47,155 - core.combined_invoice_view - INFO - Products data received: [{"productid":"3377","batch_no":"1","expiry":"2005-11-11","mrp":"1","purchase_rate":"1","quantity":"1","scheme":"0","discount":"0","igst":"0","calculation_mode":"flat","rate_A":"1","rate_B":"2","rate_C":"3"}]
2025-10-12 11:55:47,166 - core.combined_invoice_view - INFO - Invoice created with ID: 50
2025-10-12 11:55:47,175 - core.combined_invoice_view - INFO - Product paracetamol added to invoice
2025-10-12 11:55:47,182 - core.combined_invoice_view - INFO - Invoice 000000000000000 created successfully with 1 products
2025-10-12 18:03:49,880 - core.combined_invoice_view - INFO - POST data received: <QueryDict: {'csrfmiddlewaretoken': ['qAS7C7v1lU1GXuPk525uQfMwFLcml7JaPSmZ1xfhJV640p91C5fmrHgFCdsWHK8G'], 'invoice_no': ['1'], 'invoice_date': ['12102025'], 'supplierid': ['2'], 'scroll_no': ['1'], 'transport_charges': ['0'], 'invoice_total': ['110.00'], 'products_data': ['[{"productid":"3377","batch_no":"1","expiry":"11-2026","mrp":"1","purchase_rate":"1","quantity":"100","scheme":"0","discount":"0","igst":"10","calculation_mode":"flat","rate_A":"1","rate_B":"2","rate_C":"3"}]']}>
2025-10-12 18:03:49,891 - core.combined_invoice_view - INFO - Products data received: [{"productid":"3377","batch_no":"1","expiry":"11-2026","mrp":"1","purchase_rate":"1","quantity":"100","scheme":"0","discount":"0","igst":"10","calculation_mode":"flat","rate_A":"1","rate_B":"2","rate_C":"3"}]
2025-10-12 18:03:49,899 - core.combined_invoice_view - INFO - Invoice created with ID: 51
2025-10-12 18:03:49,906 - core.combined_invoice_view - INFO - Product paracetamol added to invoice
2025-10-12 18:03:49,913 - core.combined_invoice_view - INFO - Updating invoice total from 110.0 to 100.0
2025-10-12 18:03:49,916 - core.combined_invoice_view - INFO - Invoice 1 created successfully with 1 products
2025-10-12 22:57:28,339 - core.combined_invoice_view - INFO - POST data received: <QueryDict: {'csrfmiddlewaretoken': ['JVWVY7rW49NuxDabz5XXPNm16U3gmPwt8dqNnxbcsaSSAyuS687PqfQa3mjQIsVZ'], 'invoice_no': ['111'], 'invoice_date': ['12102025'], 'supplierid': ['2'], 'scroll_no': ['1'], 'transport_charges': ['0'], 'invoice_total': ['1.01'], 'products_data': ['[{"productid":"3367","batch_no":"2","expiry":"12-2027","mrp":"1","purchase_rate":"1","quantity":"1","scheme":"0","discount":"0","igst":"1","calculation_mode":"flat","rate_A":"1","rate_B":"2","rate_C":"2"}]']}>
2025-10-12 22:57:28,351 - core.combined_invoice_view - INFO - Products data received: [{"productid":"3367","batch_no":"2","expiry":"12-2027","mrp":"1","purchase_rate":"1","quantity":"1","scheme":"0","discount":"0","igst":"1","calculation_mode":"flat","rate_A":"1","rate_B":"2","rate_C":"2"}]
2025-10-12 22:57:28,363 - core.combined_invoice_view - INFO - Invoice created with ID: 52
2025-10-12 22:57:28,372 - core.combined_invoice_view - INFO - Product Plaster of paris added to invoice
2025-10-12 22:57:28,379 - core.combined_invoice_view - INFO - Updating invoice total from 1.01 to 1.0
2025-10-12 22:57:28,382 - core.combined_invoice_view - INFO - Invoice 111 created successfully with 1 products
2025-10-13 09:11:41,456 - core.combined_invoice_view - INFO - POST data received: <QueryDict: {'csrfmiddlewaretoken': ['cPE3fdb0Sifp5gBWrQufWi8dmCgSMmatsHxigsPRR9VgNnpi9N278FEpuLj1lmW2'], 'invoice_no': ['1'], 'invoice_date': ['13102025'], 'supplierid': ['2'], 'scroll_no': ['1'], 'transport_charges': ['0'], 'invoice_total': ['1.01'], 'products_data': ['[{"productid":"3367","batch_no":"1","expiry":"11-2026","mrp":"2","purchase_rate":"1","quantity":"1","scheme":"0","discount":"0","igst":"1","calculation_mode":"flat","rate_A":"1","rate_B":"2","rate_C":"3"}]']}>
2025-10-13 09:11:41,468 - core.combined_invoice_view - INFO - Products data received: [{"productid":"3367","batch_no":"1","expiry":"11-2026","mrp":"2","purchase_rate":"1","quantity":"1","scheme":"0","discount":"0","igst":"1","calculation_mode":"flat","rate_A":"1","rate_B":"2","rate_C":"3"}]
2025-10-13 09:11:41,477 - core.combined_invoice_view - INFO - Invoice created with ID: 55
2025-10-13 09:11:41,484 - core.combined_invoice_view - INFO - Product Plaster of paris added to invoice
2025-10-13 09:11:41,494 - core.combined_invoice_view - INFO - Updating invoice total from 1.01 to 1.0
2025-10-13 09:11:41,499 - core.combined_invoice_view - INFO - Invoice 1 created successfully with 1 products
2025-10-13 09:14:35,571 - core.combined_invoice_view - INFO - POST data received: <QueryDict: {'csrfmiddlewaretoken': ['9yNHvZqsGh19QBJ4xPU6P1KkQGdnADHiyQhzUpaI4i6xTw3L4S4YqtetN8tXWg6O'], 'invoice_no': ['1'], 'invoice_date': ['13102025'], 'supplierid': ['2'], 'scroll_no': ['1'], 'transport_charges': ['0'], 'invoice_total': ['1.01'], 'products_data': ['[{"productid":"3367","batch_no":"1","expiry":"11-2025","mrp":"1","purchase_rate":"1","quantity":"1","scheme":"0","discount":"0","igst":"1","calculation_mode":"flat","rate_A":"1","rate_B":"1","rate_C":"1"}]']}>
2025-10-13 09:14:35,581 - core.combined_invoice_view - INFO - Products data received: [{"productid":"3367","batch_no":"1","expiry":"11-2025","mrp":"1","purchase_rate":"1","quantity":"1","scheme":"0","discount":"0","igst":"1","calculation_mode":"flat","rate_A":"1","rate_B":"1","rate_C":"1"}]
2025-10-13 09:14:35,587 - core.combined_invoice_view - INFO - Invoice created with ID: 57
2025-10-13 09:14:35,594 - core.combined_invoice_view - INFO - Product Plaster of paris added to invoice
2025-10-13 09:14:35,602 - core.combined_invoice_view - INFO - Updating invoice total from 1.01 to 1.0
2025-10-13 09:14:35,604 - core.combined_invoice_view - INFO - Invoice 1 created successfully with 1 products
2025-10-13 10:13:51,150 - core.combined_invoice_view - INFO - POST data received: <QueryDict: {'csrfmiddlewaretoken': ['5rUZbXj4OHaKc4S2NFS4PsCM37EQj4PfuJoRAn3kcIf8fZcJkI2WqU6V0zUqFHeL'], 'invoice_no': ['1'], 'invoice_date': ['13102025'], 'supplierid': ['2'], 'scroll_no': ['1'], 'transport_charges': ['0'], 'invoice_total': ['1.01'], 'products_data': ['[{"productid":"3367","batch_no":"1","expiry":"11-2025","mrp":"1","purchase_rate":"1","quantity":"1","scheme":"0","discount":"0","igst":"1","calculation_mode":"flat","rate_A":"1","rate_B":"1","rate_C":"1"}]']}>
2025-10-13 10:13:51,158 - core.combined_invoice_view - INFO - Products data received: [{"productid":"3367","batch_no":"1","expiry":"11-2025","mrp":"1","purchase_rate":"1","quantity":"1","scheme":"0","discount":"0","igst":"1","calculation_mode":"flat","rate_A":"1","rate_B":"1","rate_C":"1"}]
2025-10-13 10:13:51,162 - core.combined_invoice_view - INFO - Invoice created with ID: 60
2025-10-13 10:13:51,168 - core.combined_invoice_view - INFO - Product Plaster of paris added to invoice
2025-10-13 10:13:51,172 - core.combined_invoice_view - INFO - Updating invoice total from 1.01 to 1.0
2025-10-13 10:13:51,174 - core.combined_invoice_view - INFO - Invoice 1 created successfully with 1 products
2025-10-13 10:25:29,124 - core.combined_invoice_view - INFO - POST data received: <QueryDict: {'csrfmiddlewaretoken': ['Vs4yUfKJGQjGF6lfPImXXKJZr51k2RBJbkXNVuoAFHZxnd9BxFUP97fbze4tBRni'], 'invoice_no': ['1'], 'invoice_date': ['13102025'], 'supplierid': ['2'], 'scroll_no': ['1'], 'transport_charges': ['0'], 'invoice_total': ['1.01'], 'products_data': ['[{"productid":"3367","batch_no":"1","expiry":"11-2025","mrp":"1","purchase_rate":"1","quantity":"1","scheme":"0","discount":"0","igst":"1","calculation_mode":"flat","rate_A":"1","rate_B":"1","rate_C":"1"}]']}>
2025-10-13 10:25:29,132 - core.combined_invoice_view - INFO - Products data received: [{"productid":"3367","batch_no":"1","expiry":"11-2025","mrp":"1","purchase_rate":"1","quantity":"1","scheme":"0","discount":"0","igst":"1","calculation_mode":"flat","rate_A":"1","rate_B":"1","rate_C":"1"}]
2025-10-13 10:25:29,137 - core.combined_invoice_view - INFO - Invoice created with ID: 62
2025-10-13 10:25:29,143 - core.combined_invoice_view - INFO - Product Plaster of paris added to invoice
2025-10-13 10:25:29,149 - core.combined_invoice_view - INFO - Updating invoice total from 1.01 to 1.0
2025-10-13 10:25:29,151 - core.combined_invoice_view - INFO - Invoice 1 created successfully with 1 products
2025-10-13 10:36:08,495 - core.combined_invoice_view - INFO - POST data received: <QueryDict: {'csrfmiddlewaretoken': ['v9xSpoZeG0qaOtT0pKADrX83RGwtAkZYL1q7qDD5FR61wAHm7H8vDkEfZPzC9kLx'], 'invoice_no': ['1'], 'invoice_date': ['13102025'], 'supplierid': ['2'], 'scroll_no': ['1'], 'transport_charges': ['0'], 'invoice_total': ['1.01'], 'products_data': ['[{"productid":"3367","batch_no":"1","expiry":"11-2025","mrp":"1","purchase_rate":"1","quantity":"1","scheme":"0","discount":"0","igst":"1","calculation_mode":"flat","rate_A":"1","rate_B":"1","rate_C":"1"}]']}>
2025-10-13 10:36:08,503 - core.combined_invoice_view - INFO - Products data received: [{"productid":"3367","batch_no":"1","expiry":"11-2025","mrp":"1","purchase_rate":"1","quantity":"1","scheme":"0","discount":"0","igst":"1","calculation_mode":"flat","rate_A":"1","rate_B":"1","rate_C":"1"}]
2025-10-13 10:36:08,509 - core.combined_invoice_view - INFO - Invoice created with ID: 63
2025-10-13 10:36:08,518 - core.combined_invoice_view - INFO - Product Plaster of paris added to invoice
2025-10-13 10:36:08,524 - core.combined_invoice_view - INFO - Updating invoice total from 1.01 to 1.0
2025-10-13 10:36:08,528 - core.combined_invoice_view - INFO - Invoice 1 created successfully with 1 products
2025-10-13 12:26:14,012 - core.combined_invoice_view - INFO - POST data received: <QueryDict: {'csrfmiddlewaretoken': ['F2L05pC0eJKinF2ADoCBYNi9SK6J83oiVUEf6EgRdAq95MQWllataaOl0T9SH3aR'], 'invoice_no': ['231313'], 'invoice_date': ['13102025'], 'supplierid': ['2'], 'scroll_no': ['12'], 'transport_charges': ['0'], 'invoice_total': ['1.10'], 'products_data': ['[{"productid":"3367","batch_no":"2","expiry":"12-2026","mrp":"2","purchase_rate":"1","quantity":"1","scheme":"0","discount":"0","igst":"10","calculation_mode":"flat","rate_A":"1","rate_B":"2","rate_C":"3"}]']}>
2025-10-13 12:26:14,022 - core.combined_invoice_view - INFO - Products data received: [{"productid":"3367","batch_no":"2","expiry":"12-2026","mrp":"2","purchase_rate":"1","quantity":"1","scheme":"0","discount":"0","igst":"10","calculation_mode":"flat","rate_A":"1","rate_B":"2","rate_C":"3"}]
2025-10-13 12:26:14,028 - core.combined_invoice_view - INFO - Invoice created with ID: 64
2025-10-13 12:26:14,035 - core.combined_invoice_view - INFO - Product Plaster of paris added to invoice
2025-10-13 12:26:14,039 - core.combined_invoice_view - INFO - Updating invoice total from 1.1 to 1.0
2025-10-13 12:26:14,041 - core.combined_invoice_view - INFO - Invoice 231313 created successfully with 1 products
2025-10-13 12:53:57,016 - core.combined_invoice_view - INFO - POST data received: <QueryDict: {'csrfmiddlewaretoken': ['rLBxwAfQseMgqiX4FDFCPURwOO4oxV25HDuMxPTHr5s78pLqnAdu1hnIWX7x6VOE'], 'invoice_no': ['3'], 'invoice_date': ['13102025'], 'supplierid': ['2'], 'scroll_no': ['3'], 'transport_charges': ['0'], 'invoice_total': ['6.06'], 'products_data': ['[{"productid":"3367","batch_no":"3","expiry":"12-2027","mrp":"2","purchase_rate":"3","quantity":"2","scheme":"0","discount":"0","igst":"1","calculation_mode":"flat","rate_A":"2","rate_B":"3","rate_C":"4"}]']}>
2025-10-13 12:53:57,031 - core.combined_invoice_view - INFO - Products data received: [{"productid":"3367","batch_no":"3","expiry":"12-2027","mrp":"2","purchase_rate":"3","quantity":"2","scheme":"0","discount":"0","igst":"1","calculation_mode":"flat","rate_A":"2","rate_B":"3","rate_C":"4"}]
2025-10-13 12:53:57,039 - core.combined_invoice_view - INFO - Invoice created with ID: 65
2025-10-13 12:53:57,046 - core.combined_invoice_view - INFO - Product Plaster of paris added to invoice
2025-10-13 12:53:57,054 - core.combined_invoice_view - INFO - Updating invoice total from 6.06 to 6.0
2025-10-13 12:53:57,058 - core.combined_invoice_view - INFO - Invoice 3 created successfully with 1 products
2025-10-13 16:10:40,677 - core.combined_invoice_view - INFO - POST data received: <QueryDict: {'csrfmiddlewaretoken': ['v7o5Ro2r5w2QcVgD7W7ZETAjDe8sY2hjLZhkSDGi4nIHU24ZPTFRQg6vLnbBx23S'], 'invoice_no': ['1'], 'invoice_date': ['13102025'], 'supplierid': ['3'], 'scroll_no': ['2'], 'transport_charges': ['0'], 'invoice_total': ['1.01'], 'products_data': ['[{"productid":"3377","batch_no":"1","expiry":"12-2025","mrp":"1","purchase_rate":"1","quantity":"1","scheme":"0","discount":"0","igst":"1","calculation_mode":"flat","rate_A":"1","rate_B":"1","rate_C":"1"}]']}>
2025-10-13 16:10:40,689 - core.combined_invoice_view - INFO - Products data received: [{"productid":"3377","batch_no":"1","expiry":"12-2025","mrp":"1","purchase_rate":"1","quantity":"1","scheme":"0","discount":"0","igst":"1","calculation_mode":"flat","rate_A":"1","rate_B":"1","rate_C":"1"}]
2025-10-13 16:10:40,696 - core.combined_invoice_view - INFO - Invoice created with ID: 66
2025-10-13 16:10:40,701 - core.combined_invoice_view - INFO - Product paracetamol added to invoice
2025-10-13 16:10:40,711 - core.combined_invoice_view - INFO - Updating invoice total from 1.01 to 1.0
2025-10-13 16:10:40,716 - core.combined_invoice_view - INFO - Invoice 1 created successfully with 1 products
2025-10-13 17:20:31,547 - core.combined_invoice_view - INFO - POST data received: <QueryDict: {'csrfmiddlewaretoken': ['LIUX4dsB9xkWQPlerkJlUWamNA3H5U7ca0oPtDcRxypkTKFVYnTdvoEvK2jhrxwI'], 'invoice_no': ['1'], 'invoice_date': ['13102025'], 'supplierid': ['2'], 'scroll_no': ['1'], 'transport_charges': ['0'], 'invoice_total': ['1.01'], 'products_data': ['[{"productid":"3367","batch_no":"1","expiry":"12-2026","mrp":"1","purchase_rate":"1","quantity":"1","scheme":"0","discount":"0","igst":"1","calculation_mode":"flat","rate_A":"1","rate_B":"2","rate_C":"3"}]']}>
2025-10-13 17:20:31,556 - core.combined_invoice_view - INFO - Products data received: [{"productid":"3367","batch_no":"1","expiry":"12-2026","mrp":"1","purchase_rate":"1","quantity":"1","scheme":"0","discount":"0","igst":"1","calculation_mode":"flat","rate_A":"1","rate_B":"2","rate_C":"3"}]
2025-10-13 17:20:31,560 - core.combined_invoice_view - INFO - Invoice created with ID: 67
2025-10-13 17:20:31,565 - core.combined_invoice_view - INFO - Product Plaster of paris added to invoice
2025-10-13 17:20:31,570 - core.combined_invoice_view - INFO - Updating invoice total from 1.01 to 1.0
2025-10-13 17:20:31,573 - core.combined_invoice_view - INFO - Invoice 1 created successfully with 1 products
2025-10-13 17:30:24,430 - core.combined_invoice_view - INFO - POST data received: <QueryDict: {'csrfmiddlewaretoken': ['XIqg8wF3ZaCRLPagzI92yG9AF3iXs5Yjm0U8xWpjnbHfOKuX6LjU98DJCvyxOInP'], 'invoice_no': ['1'], 'invoice_date': ['13102025'], 'supplierid': ['2'], 'scroll_no': ['1'], 'transport_charges': ['0'], 'invoice_total': ['1.01'], 'products_data': ['[{"productid":"3367","batch_no":"1","expiry":"12-2026","mrp":"1","purchase_rate":"1","quantity":"1","scheme":"0","discount":"0","igst":"1","calculation_mode":"flat","rate_A":"1","rate_B":"1","rate_C":"1"}]']}>
2025-10-13 17:30:24,435 - core.combined_invoice_view - INFO - Products data received: [{"productid":"3367","batch_no":"1","expiry":"12-2026","mrp":"1","purchase_rate":"1","quantity":"1","scheme":"0","discount":"0","igst":"1","calculation_mode":"flat","rate_A":"1","rate_B":"1","rate_C":"1"}]
2025-10-13 17:30:24,441 - core.combined_invoice_view - INFO - Invoice created with ID: 68
2025-10-13 17:30:24,445 - core.combined_invoice_view - INFO - Product Plaster of paris added to invoice
2025-10-13 17:30:24,449 - core.combined_invoice_view - INFO - Updating invoice total from 1.01 to 1.0
2025-10-13 17:30:24,451 - core.combined_invoice_view - INFO - Invoice 1 created successfully with 1 products
2025-10-13 19:17:46,149 - core.combined_invoice_view - INFO - POST data received: <QueryDict: {'csrfmiddlewaretoken': ['WZrZ15dGIIi0ee0WihIeLs9Uc4BwCSpicRke2kRxHzYRWlOi0eg6XPF6kdEFbSbR'], 'invoice_no': ['3'], 'invoice_date': ['13102025'], 'supplierid': ['2'], 'scroll_no': ['3'], 'transport_charges': ['0'], 'invoice_total': ['3.09'], 'products_data': ['[{"productid":"3368","batch_no":"3","expiry":"10-2025","mrp":"3","purchase_rate":"3","quantity":"1","scheme":"0","discount":"0","igst":"3","calculation_mode":"flat","rate_A":"3","rate_B":"2","rate_C":"1"}]']}>
2025-10-13 19:17:46,159 - core.combined_invoice_view - INFO - Products data received: [{"productid":"3368","batch_no":"3","expiry":"10-2025","mrp":"3","purchase_rate":"3","quantity":"1","scheme":"0","discount":"0","igst":"3","calculation_mode":"flat","rate_A":"3","rate_B":"2","rate_C":"1"}]
2025-10-13 19:17:46,164 - core.combined_invoice_view - INFO - Invoice created with ID: 69
2025-10-13 19:17:46,172 - core.combined_invoice_view - INFO - Product shilajit added to invoice
2025-10-13 19:17:46,176 - core.combined_invoice_view - INFO - Updating invoice total from 3.09 to 3.0
2025-10-13 19:17:46,178 - core.combined_invoice_view - INFO - Invoice 3 created successfully with 1 products
2025-10-13 22:08:42,765 - core.combined_invoice_view - INFO - POST data received: <QueryDict: {'csrfmiddlewaretoken': ['vLLLUl0Ujx15w49VQwrNceaV9GnPVc0ZLDE0VAELioHWebXhytZFoBG7hPqYucMy'], 'invoice_no': ['2'], 'invoice_date': ['13102025'], 'supplierid': ['2'], 'scroll_no': ['111'], 'transport_charges': ['0'], 'invoice_total': ['2.02'], 'products_data': ['[{"productid":"3367","batch_no":"4","expiry":"12-2026","mrp":"2","purchase_rate":"2","quantity":"1","scheme":"0","discount":"0","igst":"1","calculation_mode":"flat","rate_A":"3","rate_B":"5","rate_C":"7"}]']}>
2025-10-13 22:08:42,774 - core.combined_invoice_view - INFO - Products data received: [{"productid":"3367","batch_no":"4","expiry":"12-2026","mrp":"2","purchase_rate":"2","quantity":"1","scheme":"0","discount":"0","igst":"1","calculation_mode":"flat","rate_A":"3","rate_B":"5","rate_C":"7"}]
2025-10-13 22:08:42,780 - core.combined_invoice_view - INFO - Invoice created with ID: 70
2025-10-13 22:08:42,787 - core.combined_invoice_view - INFO - Product Plaster of paris added to invoice
2025-10-13 22:08:42,793 - core.combined_invoice_view - INFO - Updating invoice total from 2.02 to 2.0
2025-10-13 22:08:42,796 - core.combined_invoice_view - INFO - Invoice 2 created successfully with 1 products
2025-10-16 18:57:17,754 - core.combined_invoice_view - INFO - POST data received: <QueryDict: {'csrfmiddlewaretoken': ['AMll6g0CEgcYBgBm9ycjpEQboBJhnhQJQEeA7vEtD7SPjnpIRvKbB1mnwKMqWhCi'], 'invoice_no': ['5'], 'invoice_date': ['16102025'], 'supplierid': ['2'], 'scroll_no': ['2'], 'transport_charges': ['0'], 'invoice_total': ['10.10'], 'products_data': ['[{"productid":"3377","batch_no":"3","expiry":"12-2027","mrp":"10","purchase_rate":"10","quantity":"1","scheme":"0","discount":"0","igst":"1","calculation_mode":"flat","rate_A":"1","rate_B":"9","rate_C":"4"}]']}>
2025-10-16 18:57:17,767 - core.combined_invoice_view - INFO - Products data received: [{"productid":"3377","batch_no":"3","expiry":"12-2027","mrp":"10","purchase_rate":"10","quantity":"1","scheme":"0","discount":"0","igst":"1","calculation_mode":"flat","rate_A":"1","rate_B":"9","rate_C":"4"}]
2025-10-16 18:57:17,781 - core.combined_invoice_view - INFO - Invoice created with ID: 71
2025-10-16 18:57:17,786 - core.combined_invoice_view - INFO - Product paracetamol added to invoice
2025-10-16 18:57:17,800 - core.combined_invoice_view - INFO - Updating invoice total from 10.1 to 10.0
2025-10-16 18:57:17,803 - core.combined_invoice_view - INFO - Invoice 5 created successfully with 1 products
2025-10-17 00:01:19,896 - core.combined_invoice_view - INFO - POST data received: <QueryDict: {'csrfmiddlewaretoken': ['HyR9GHQ6HRdlGrAEIjRGmvZoFeMOe77dXqKoHWuXGITcoyo0qgpyySvANnPXN7TM'], 'invoice_no': ['1'], 'invoice_date': ['16102025'], 'supplierid': ['2'], 'scroll_no': ['2'], 'transport_charges': ['0'], 'invoice_total': ['1.01'], 'products_data': ['[{"productid":"3377","batch_no":"1","expiry":"12-2024","mrp":"1","purchase_rate":"1","quantity":"1","scheme":"0","discount":"0","igst":"1","calculation_mode":"flat","rate_A":"1","rate_B":"1","rate_C":"1"}]']}>
2025-10-17 00:01:19,909 - core.combined_invoice_view - INFO - Products data received: [{"productid":"3377","batch_no":"1","expiry":"12-2024","mrp":"1","purchase_rate":"1","quantity":"1","scheme":"0","discount":"0","igst":"1","calculation_mode":"flat","rate_A":"1","rate_B":"1","rate_C":"1"}]
2025-10-17 00:01:19,918 - core.combined_invoice_view - INFO - Invoice created with ID: 72
2025-10-17 00:01:19,926 - core.combined_invoice_view - INFO - Product paracetamol added to invoice
2025-10-17 00:01:19,933 - core.combined_invoice_view - INFO - Updating invoice total from 1.01 to 1.0
2025-10-17 00:01:19,936 - core.combined_invoice_view - INFO - Invoice 1 created successfully with 1 products
2025-10-17 00:05:49,542 - core.combined_invoice_view - INFO - POST data received: <QueryDict: {'csrfmiddlewaretoken': ['6ZSVaKDevKeh7QLo0OrEQ5HZheeh7bIzmRLabZh5uBU8PXzKILZw2sdbpnhqGbu8'], 'invoice_no': ['1'], 'invoice_date': ['17102025'], 'supplierid': ['2'], 'scroll_no': ['1'], 'transport_charges': ['0'], 'invoice_total': ['1.01'], 'products_data': ['[{"productid":"3377","batch_no":"1","expiry":"12-2034","mrp":"1","purchase_rate":"1","quantity":"1","scheme":"0","discount":"0","igst":"1","calculation_mode":"flat","rate_A":"1","rate_B":"1","rate_C":"1"}]']}>
2025-10-17 00:05:49,549 - core.combined_invoice_view - INFO - Products data received: [{"productid":"3377","batch_no":"1","expiry":"12-2034","mrp":"1","purchase_rate":"1","quantity":"1","scheme":"0","discount":"0","igst":"1","calculation_mode":"flat","rate_A":"1","rate_B":"1","rate_C":"1"}]
2025-10-17 00:05:49,558 - core.combined_invoice_view - INFO - Invoice created with ID: 73
2025-10-17 00:05:49,564 - core.combined_invoice_view - INFO - Product paracetamol added to invoice
2025-10-17 00:05:49,568 - core.combined_invoice_view - INFO - Updating invoice total from 1.01 to 1.0
2025-10-17 00:05:49,570 - core.combined_invoice_view - INFO - Invoice 1 created successfully with 1 products
2025-10-17 13:19:47,465 - core.combined_invoice_view - INFO - POST data received: <QueryDict: {'csrfmiddlewaretoken': ['lYwhiHwmUZZpE5a37x4KtZq9WKOZdKvbBQpwjWadTQFgmcYpPuCCFmWl4TR8MKhK'], 'invoice_no': ['2'], 'invoice_date': ['17102025'], 'supplierid': ['2'], 'scroll_no': ['1'], 'transport_charges': ['0'], 'invoice_total': ['1.01'], 'products_data': ['[{"productid":"3377","batch_no":"1","expiry":"12-2026","mrp":"1","purchase_rate":"1","quantity":"1","scheme":"0","discount":"0","igst":"1","calculation_mode":"flat","rate_A":"1","rate_B":"1","rate_C":"1"}]']}>
2025-10-17 13:19:47,481 - core.combined_invoice_view - INFO - Products data received: [{"productid":"3377","batch_no":"1","expiry":"12-2026","mrp":"1","purchase_rate":"1","quantity":"1","scheme":"0","discount":"0","igst":"1","calculation_mode":"flat","rate_A":"1","rate_B":"1","rate_C":"1"}]
2025-10-17 13:19:47,491 - core.combined_invoice_view - INFO - Invoice created with ID: 74
2025-10-17 13:19:47,501 - core.combined_invoice_view - INFO - Product paracetamol added to invoice
2025-10-17 13:19:47,509 - core.combined_invoice_view - INFO - Updating invoice total from 1.01 to 1.0
2025-10-17 13:19:47,514 - core.combined_invoice_view - INFO - Invoice 2 created successfully with 1 products
2025-10-17 19:31:57,953 - core.combined_invoice_view - INFO - POST data received: <QueryDict: {'csrfmiddlewaretoken': ['4hl403GqS6wLPbDbxYwl8O6bBlZOa3Dik9ej1ikhRXcCxirxfV4dkbCnJu2XJ3pR'], 'invoice_no': ['123'], 'invoice_date': ['17102025'], 'supplierid': ['2'], 'scroll_no': ['2'], 'transport_charges': ['0'], 'invoice_total': ['1.01'], 'products_data': ['[{"productid":"3377","batch_no":"1","expiry":"12-2027","mrp":"1","purchase_rate":"1","quantity":"1","scheme":"0","discount":"0","igst":"1","calculation_mode":"flat","rate_A":"1","rate_B":"1","rate_C":"1"}]']}>
2025-10-17 19:31:57,966 - core.combined_invoice_view - INFO - Products data received: [{"productid":"3377","batch_no":"1","expiry":"12-2027","mrp":"1","purchase_rate":"1","quantity":"1","scheme":"0","discount":"0","igst":"1","calculation_mode":"flat","rate_A":"1","rate_B":"1","rate_C":"1"}]
2025-10-17 19:31:57,973 - core.combined_invoice_view - INFO - Invoice created with ID: 79
2025-10-17 19:31:57,986 - core.combined_invoice_view - INFO - Product paracetamol added to invoice
2025-10-17 19:31:57,994 - core.combined_invoice_view - INFO - Updating invoice total from 1.01 to 1.0
2025-10-17 19:31:57,997 - core.combined_invoice_view - INFO - Invoice 123 created successfully with 1 products
2025-10-20 00:11:36,597 - core.combined_invoice_view - INFO - POST data received: <QueryDict: {'csrfmiddlewaretoken': ['JHCwUcP7GBpVgf8oSW2qcBrB6XXTmX7oZzvLVrtYFs5MYmWKATAioYXNe602VXTX'], 'invoice_no': ['12'], 'invoice_date': ['20102025'], 'supplierid': ['2'], 'scroll_no': ['1'], 'transport_charges': ['0'], 'invoice_total': ['1.01'], 'products_data': ['[{"productid":"3377","batch_no":"1","expiry":"12-2026","mrp":"1","purchase_rate":"1","quantity":"1","scheme":"0","discount":"0","igst":"1","calculation_mode":"flat","rate_A":"1","rate_B":"1","rate_C":"1"}]']}>
2025-10-20 00:11:36,612 - core.combined_invoice_view - INFO - Products data received: [{"productid":"3377","batch_no":"1","expiry":"12-2026","mrp":"1","purchase_rate":"1","quantity":"1","scheme":"0","discount":"0","igst":"1","calculation_mode":"flat","rate_A":"1","rate_B":"1","rate_C":"1"}]
2025-10-20 00:11:36,619 - core.combined_invoice_view - INFO - Invoice created with ID: 91
2025-10-20 00:11:36,633 - core.combined_invoice_view - INFO - Product paracetamol added to invoice
2025-10-20 00:11:36,644 - core.combined_invoice_view - INFO - Updating invoice total from 1.01 to 1.0
2025-10-20 00:11:36,648 - core.combined_invoice_view - INFO - Invoice 12 created successfully with 1 products
2025-10-20 14:28:49,746 - core.combined_invoice_view - INFO - POST data received: <QueryDict: {'csrfmiddlewaretoken': ['tMuZSDOinHsyJCecYpIzAkTn5zB44IewJEneTSs9my8prJ2yGmgrMHpzdIEdDI05'], 'invoice_no': ['1'], 'invoice_date': ['20102025'], 'supplierid': ['2'], 'scroll_no': ['1'], 'transport_charges': ['0'], 'invoice_total': ['1.01'], 'products_data': ['[{"productid":"3377","batch_no":"1","expiry":"12-2027","mrp":"1","purchase_rate":"1","quantity":"1","scheme":"0","discount":"0","igst":"1","calculation_mode":"flat","rate_A":"1","rate_B":"1","rate_C":"1"}]']}>
2025-10-20 14:28:49,758 - core.combined_invoice_view - INFO - Products data received: [{"productid":"3377","batch_no":"1","expiry":"12-2027","mrp":"1","purchase_rate":"1","quantity":"1","scheme":"0","discount":"0","igst":"1","calculation_mode":"flat","rate_A":"1","rate_B":"1","rate_C":"1"}]
2025-10-20 14:28:49,766 - core.combined_invoice_view - INFO - Invoice created with ID: 93
2025-10-20 14:28:49,776 - core.combined_invoice_view - INFO - Product paracetamol added to invoice
2025-10-20 14:28:49,784 - core.combined_invoice_view - INFO - Updating invoice total from 1.01 to 1.0
2025-10-20 14:28:49,786 - core.combined_invoice_view - INFO - Invoice 1 created successfully with 1 products
2025-10-27 21:47:49,181 - core.combined_invoice_view - INFO - POST data received: <QueryDict: {'csrfmiddlewaretoken': ['OtC93wJMoqnKNqVKsZCvj5vq9YzoA0163SIXmb0QtlQdNEKb1E5V7sy5c4VZOVJt'], 'invoice_no': ['12'], 'invoice_date': ['27102025'], 'supplierid': ['2'], 'scroll_no': ['11'], 'transport_charges': ['0'], 'invoice_total': ['1.01'], 'products_data': ['[{"productid":"3377","batch_no":"1","expiry":"12-2026","mrp":"1","purchase_rate":"1","quantity":"1","scheme":"0","discount":"0","igst":"1","calculation_mode":"flat","rate_A":"1","rate_B":"1","rate_C":"1"}]']}>
2025-10-27 21:47:49,191 - core.combined_invoice_view - INFO - Products data received: [{"productid":"3377","batch_no":"1","expiry":"12-2026","mrp":"1","purchase_rate":"1","quantity":"1","scheme":"0","discount":"0","igst":"1","calculation_mode":"flat","rate_A":"1","rate_B":"1","rate_C":"1"}]
2025-10-27 21:47:49,196 - core.combined_invoice_view - INFO - Invoice created with ID: 95
2025-10-27 21:47:49,210 - core.combined_invoice_view - INFO - Product paracetamol added to invoice
2025-10-27 21:47:49,221 - core.combined_invoice_view - INFO - Updating invoice total from 1.01 to 1.0
2025-10-27 21:47:49,226 - core.combined_invoice_view - INFO - Invoice 12 created successfully with 1 products
2025-10-27 22:16:47,030 - core.combined_invoice_view - INFO - POST data received: <QueryDict: {'csrfmiddlewaretoken': ['9j7KoOzXMSP5nwKfDfiNI48xwqJl6lHnHVfbHtpfauq3wlxRPJzjpr3cB6LPH3VB'], 'invoice_no': ['22'], 'invoice_date': ['27102025'], 'supplierid': ['2'], 'scroll_no': ['2'], 'transport_charges': ['0'], 'invoice_total': ['2.02'], 'products_data': ['[{"productid":"3377","batch_no":"2","expiry":"12-2030","mrp":"2","purchase_rate":"2","quantity":"1","scheme":"0","discount":"0","igst":"1","calculation_mode":"flat","rate_A":"1","rate_B":"1","rate_C":"3"}]']}>
2025-10-27 22:16:47,040 - core.combined_invoice_view - INFO - Products data received: [{"productid":"3377","batch_no":"2","expiry":"12-2030","mrp":"2","purchase_rate":"2","quantity":"1","scheme":"0","discount":"0","igst":"1","calculation_mode":"flat","rate_A":"1","rate_B":"1","rate_C":"3"}]
2025-10-27 22:16:47,044 - core.combined_invoice_view - INFO - Invoice created with ID: 96
2025-10-27 22:16:47,049 - core.combined_invoice_view - INFO - Product paracetamol added to invoice
2025-10-27 22:16:47,055 - core.combined_invoice_view - INFO - Updating invoice total from 2.02 to 2.0
2025-10-27 22:16:47,057 - core.combined_invoice_view - INFO - Invoice 22 created successfully with 1 products
2025-11-03 20:27:21,612 - core.combined_invoice_view - INFO - POST data received: <QueryDict: {'csrfmiddlewaretoken': ['V5tUPmAdn1NffUTpysUaBxNuJpIXiKs2auzI81RhsWgIf8IQ77nApUQ9Mv4ywFap'], 'invoice_no': ['1'], 'invoice_date': ['03112025'], 'supplierid': ['2'], 'scroll_no': ['2'], 'transport_charges': ['0'], 'invoice_total': ['1.01'], 'products_data': ['[{"productid":"3377","batch_no":"1","expiry":"12-2027","mrp":"1","purchase_rate":"1","quantity":"1","scheme":"0","discount":"0","igst":"1","calculation_mode":"flat","rate_A":"1","rate_B":"1","rate_C":"1"}]']}>
2025-11-03 20:27:21,619 - core.combined_invoice_view - INFO - Products data received: [{"productid":"3377","batch_no":"1","expiry":"12-2027","mrp":"1","purchase_rate":"1","quantity":"1","scheme":"0","discount":"0","igst":"1","calculation_mode":"flat","rate_A":"1","rate_B":"1","rate_C":"1"}]
2025-11-03 20:27:21,624 - core.combined_invoice_view - INFO - Invoice created with ID: 97
2025-11-03 20:27:21,633 - core.combined_invoice_view - INFO - Product paracetamol added to invoice
2025-11-03 20:27:21,641 - core.combined_invoice_view - INFO - Updating invoice total from 1.01 to 1.0
2025-11-03 20:27:21,644 - core.combined_invoice_view - INFO - Invoice 1 created successfully with 1 products
2025-11-03 21:11:11,206 - core.combined_invoice_view - INFO - POST data received: <QueryDict: {'csrfmiddlewaretoken': ['PGC9vfFOywl7wXG3SvZuFmn9p3KNsM9D45IXOUWSDrOAwbvurasUtJqOs96oGHR0'], 'invoice_no': ['1'], 'invoice_date': ['03112025'], 'supplierid': ['2'], 'transport_charges': ['0'], 'invoice_total': ['1.01'], 'products_data': ['[{"productid":"3377","batch_no":"1","expiry":"12-2028","mrp":"1","purchase_rate":"1","quantity":"1","scheme":"0","discount":"0","igst":"1","calculation_mode":"flat","rate_A":"1","rate_B":"1","rate_C":"1"}]']}>
2025-11-03 21:11:11,218 - core.combined_invoice_view - INFO - Products data received: [{"productid":"3377","batch_no":"1","expiry":"12-2028","mrp":"1","purchase_rate":"1","quantity":"1","scheme":"0","discount":"0","igst":"1","calculation_mode":"flat","rate_A":"1","rate_B":"1","rate_C":"1"}]
2025-11-03 21:11:11,221 - core.combined_invoice_view - INFO - Invoice created with ID: 99
2025-11-03 21:11:11,226 - core.combined_invoice_view - INFO - Product paracetamol added to invoice
2025-11-03 21:11:11,231 - core.combined_invoice_view - INFO - Updating invoice total from 1.01 to 1.0
2025-11-03 21:11:11,234 - core.combined_invoice_view - INFO - Invoice 1 created successfully with 1 products
